Analysis & Synthesis report for bitwise
Thu Apr 04 18:16:42 2019
Quartus II 64-Bit Version 13.0.1 Build 232 06/12/2013 Service Pack 1 SJ Web Edition


---------------------
; Table of Contents ;
---------------------
  1. Legal Notice
  2. Analysis & Synthesis Summary
  3. Analysis & Synthesis Settings
  4. Parallel Compilation
  5. Analysis & Synthesis Source Files Read
  6. Analysis & Synthesis Resource Usage Summary
  7. Analysis & Synthesis Resource Utilization by Entity
  8. General Register Statistics
  9. Elapsed Time Per Partition
 10. Analysis & Synthesis Messages



----------------
; Legal Notice ;
----------------
Copyright (C) 1991-2013 Altera Corporation
Your use of Altera Corporation's design tools, logic functions 
and other software and tools, and its AMPP partner logic 
functions, and any output files from any of the foregoing 
(including device programming or simulation files), and any 
associated documentation or information are expressly subject 
to the terms and conditions of the Altera Program License 
Subscription Agreement, Altera MegaCore Function License 
Agreement, or other applicable license agreement, including, 
without limitation, that your use is for the sole purpose of 
programming logic devices manufactured by Altera and sold by 
Altera or its authorized distributors.  Please refer to the 
applicable agreement for further details.



+--------------------------------------------------------------------------------------+
; Analysis & Synthesis Summary                                                         ;
+------------------------------------+-------------------------------------------------+
; Analysis & Synthesis Status        ; Successful - Thu Apr 04 18:16:42 2019           ;
; Quartus II 64-Bit Version          ; 13.0.1 Build 232 06/12/2013 SP 1 SJ Web Edition ;
; Revision Name                      ; bitwise                                         ;
; Top-level Entity Name              ; Arena_bitwise_2                                 ;
; Family                             ; Cyclone II                                      ;
; Total logic elements               ; 0                                               ;
;     Total combinational functions  ; 0                                               ;
;     Dedicated logic registers      ; 0                                               ;
; Total registers                    ; 0                                               ;
; Total pins                         ; 23                                              ;
; Total virtual pins                 ; 0                                               ;
; Total memory bits                  ; 0                                               ;
; Embedded Multiplier 9-bit elements ; 0                                               ;
; Total PLLs                         ; 0                                               ;
+------------------------------------+-------------------------------------------------+


+----------------------------------------------------------------------------------------------------------------------+
; Analysis & Synthesis Settings                                                                                        ;
+----------------------------------------------------------------------------+--------------------+--------------------+
; Option                                                                     ; Setting            ; Default Value      ;
+----------------------------------------------------------------------------+--------------------+--------------------+
; Device                                                                     ; EP2C35F672C6       ;                    ;
; Top-level entity name                                                      ; Arena_bitwise_2    ; bitwise            ;
; Family name                                                                ; Cyclone II         ; Cyclone IV GX      ;
; Use smart compilation                                                      ; Off                ; Off                ;
; Enable parallel Assembler and TimeQuest Timing Analyzer during compilation ; On                 ; On                 ;
; Enable compact report table                                                ; Off                ; Off                ;
; Restructure Multiplexers                                                   ; Auto               ; Auto               ;
; Create Debugging Nodes for IP Cores                                        ; Off                ; Off                ;
; Preserve fewer node names                                                  ; On                 ; On                 ;
; Disable OpenCore Plus hardware evaluation                                  ; Off                ; Off                ;
; Verilog Version                                                            ; Verilog_2001       ; Verilog_2001       ;
; VHDL Version                                                               ; VHDL_1993          ; VHDL_1993          ;
; State Machine Processing                                                   ; Auto               ; Auto               ;
; Safe State Machine                                                         ; Off                ; Off                ;
; Extract Verilog State Machines                                             ; On                 ; On                 ;
; Extract VHDL State Machines                                                ; On                 ; On                 ;
; Ignore Verilog initial constructs                                          ; Off                ; Off                ;
; Iteration limit for constant Verilog loops                                 ; 5000               ; 5000               ;
; Iteration limit for non-constant Verilog loops                             ; 250                ; 250                ;
; Add Pass-Through Logic to Inferred RAMs                                    ; On                 ; On                 ;
; Infer RAMs from Raw Logic                                                  ; On                 ; On                 ;
; Parallel Synthesis                                                         ; On                 ; On                 ;
; DSP Block Balancing                                                        ; Auto               ; Auto               ;
; NOT Gate Push-Back                                                         ; On                 ; On                 ;
; Power-Up Don't Care                                                        ; On                 ; On                 ;
; Remove Redundant Logic Cells                                               ; Off                ; Off                ;
; Remove Duplicate Registers                                                 ; On                 ; On                 ;
; Ignore CARRY Buffers                                                       ; Off                ; Off                ;
; Ignore CASCADE Buffers                                                     ; Off                ; Off                ;
; Ignore GLOBAL Buffers                                                      ; Off                ; Off                ;
; Ignore ROW GLOBAL Buffers                                                  ; Off                ; Off                ;
; Ignore LCELL Buffers                                                       ; Off                ; Off                ;
; Ignore SOFT Buffers                                                        ; On                 ; On                 ;
; Limit AHDL Integers to 32 Bits                                             ; Off                ; Off                ;
; Optimization Technique                                                     ; Balanced           ; Balanced           ;
; Carry Chain Length                                                         ; 70                 ; 70                 ;
; Auto Carry Chains                                                          ; On                 ; On                 ;
; Auto Open-Drain Pins                                                       ; On                 ; On                 ;
; Perform WYSIWYG Primitive Resynthesis                                      ; Off                ; Off                ;
; Auto ROM Replacement                                                       ; On                 ; On                 ;
; Auto RAM Replacement                                                       ; On                 ; On                 ;
; Auto Shift Register Replacement                                            ; Auto               ; Auto               ;
; Allow Shift Register Merging across Hierarchies                            ; Auto               ; Auto               ;
; Auto Clock Enable Replacement                                              ; On                 ; On                 ;
; Strict RAM Replacement                                                     ; Off                ; Off                ;
; Allow Synchronous Control Signals                                          ; On                 ; On                 ;
; Force Use of Synchronous Clear Signals                                     ; Off                ; Off                ;
; Auto RAM to Logic Cell Conversion                                          ; Off                ; Off                ;
; Auto Resource Sharing                                                      ; Off                ; Off                ;
; Allow Any RAM Size For Recognition                                         ; Off                ; Off                ;
; Allow Any ROM Size For Recognition                                         ; Off                ; Off                ;
; Allow Any Shift Register Size For Recognition                              ; Off                ; Off                ;
; Use LogicLock Constraints during Resource Balancing                        ; On                 ; On                 ;
; Ignore translate_off and synthesis_off directives                          ; Off                ; Off                ;
; Timing-Driven Synthesis                                                    ; Off                ; Off                ;
; Report Parameter Settings                                                  ; On                 ; On                 ;
; Report Source Assignments                                                  ; On                 ; On                 ;
; Report Connectivity Checks                                                 ; On                 ; On                 ;
; Ignore Maximum Fan-Out Assignments                                         ; Off                ; Off                ;
; Synchronization Register Chain Length                                      ; 2                  ; 2                  ;
; PowerPlay Power Optimization                                               ; Normal compilation ; Normal compilation ;
; HDL message level                                                          ; Level2             ; Level2             ;
; Suppress Register Optimization Related Messages                            ; Off                ; Off                ;
; Number of Removed Registers Reported in Synthesis Report                   ; 5000               ; 5000               ;
; Number of Swept Nodes Reported in Synthesis Report                         ; 5000               ; 5000               ;
; Number of Inverted Registers Reported in Synthesis Report                  ; 100                ; 100                ;
; Clock MUX Protection                                                       ; On                 ; On                 ;
; Auto Gated Clock Conversion                                                ; Off                ; Off                ;
; Block Design Naming                                                        ; Auto               ; Auto               ;
; SDC constraint protection                                                  ; Off                ; Off                ;
; Synthesis Effort                                                           ; Auto               ; Auto               ;
; Shift Register Replacement - Allow Asynchronous Clear Signal               ; On                 ; On                 ;
; Pre-Mapping Resynthesis Optimization                                       ; Off                ; Off                ;
; Analysis & Synthesis Message Level                                         ; Medium             ; Medium             ;
; Disable Register Merging Across Hierarchies                                ; Auto               ; Auto               ;
; Resource Aware Inference For Block RAM                                     ; On                 ; On                 ;
; Synthesis Seed                                                             ; 1                  ; 1                  ;
+----------------------------------------------------------------------------+--------------------+--------------------+


Parallel compilation was disabled, but you have multiple processors available. Enable parallel compilation to reduce compilation time.
+-------------------------------------+
; Parallel Compilation                ;
+----------------------------+--------+
; Processors                 ; Number ;
+----------------------------+--------+
; Number detected on machine ; 4      ;
; Maximum allowed            ; 1      ;
+----------------------------+--------+


+--------------------------------------------------------------------------------------------------------------------------------------------------------------------------------------------------------------------------------+
; Analysis & Synthesis Source Files Read                                                                                                                                                                                         ;
+----------------------------------+-----------------+------------------------------------+----------------------------------------------------------------------------------------------------------------------------+---------+
; File Name with User-Entered Path ; Used in Netlist ; File Type                          ; File Name with Absolute Path                                                                                               ; Library ;
+----------------------------------+-----------------+------------------------------------+----------------------------------------------------------------------------------------------------------------------------+---------+
; Arena_bitwise_2.bdf              ; yes             ; User Block Diagram/Schematic File  ; C:/Users/John/Documents/College/Spring 2019/CSC 342 - Organization/Labs/Arena_John/Lab 3/Quartus Files/Arena_bitwise_2.bdf ;         ;
; Arena_bitwise.vhd                ; yes             ; User VHDL File                     ; C:/Users/John/Documents/College/Spring 2019/CSC 342 - Organization/Labs/Arena_John/Lab 3/Quartus Files/Arena_bitwise.vhd   ;         ;
+----------------------------------+-----------------+------------------------------------+----------------------------------------------------------------------------------------------------------------------------+---------+


+-----------------------------------------------------+
; Analysis & Synthesis Resource Usage Summary         ;
+---------------------------------------------+-------+
; Resource                                    ; Usage ;
+---------------------------------------------+-------+
;                                             ;       ;
; Total combinational functions               ; 0     ;
; Logic element usage by number of LUT inputs ;       ;
;     -- 4 input functions                    ; 0     ;
;     -- 3 input functions                    ; 0     ;
;     -- <=2 input functions                  ; 0     ;
;                                             ;       ;
; Logic elements by mode                      ;       ;
;     -- normal mode                          ; 0     ;
;     -- arithmetic mode                      ; 0     ;
;                                             ;       ;
; Total registers                             ; 0     ;
;     -- Dedicated logic registers            ; 0     ;
;     -- I/O registers                        ; 0     ;
;                                             ;       ;
; I/O pins                                    ; 23    ;
; Embedded Multiplier 9-bit elements          ; 0     ;
+---------------------------------------------+-------+


+-----------------------------------------------------------------------------------------------------------------------------------------------------------------------------+
; Analysis & Synthesis Resource Utilization by Entity                                                                                                                         ;
+----------------------------+-------------------+--------------+-------------+--------------+---------+-----------+------+--------------+---------------------+--------------+
; Compilation Hierarchy Node ; LC Combinationals ; LC Registers ; Memory Bits ; DSP Elements ; DSP 9x9 ; DSP 18x18 ; Pins ; Virtual Pins ; Full Hierarchy Name ; Library Name ;
+----------------------------+-------------------+--------------+-------------+--------------+---------+-----------+------+--------------+---------------------+--------------+
; |Arena_bitwise_2           ; 0 (0)             ; 0 (0)        ; 0           ; 0            ; 0       ; 0         ; 23   ; 0            ; |Arena_bitwise_2    ; work         ;
+----------------------------+-------------------+--------------+-------------+--------------+---------+-----------+------+--------------+---------------------+--------------+
Note: For table entries with two numbers listed, the numbers in parentheses indicate the number of resources of the given type used by the specific entity alone. The numbers listed outside of parentheses indicate the total resources of the given type used by the specific entity and all of its sub-entities in the hierarchy.


+------------------------------------------------------+
; General Register Statistics                          ;
+----------------------------------------------+-------+
; Statistic                                    ; Value ;
+----------------------------------------------+-------+
; Total registers                              ; 0     ;
; Number of registers using Synchronous Clear  ; 0     ;
; Number of registers using Synchronous Load   ; 0     ;
; Number of registers using Asynchronous Clear ; 0     ;
; Number of registers using Asynchronous Load  ; 0     ;
; Number of registers using Clock Enable       ; 0     ;
; Number of registers using Preset             ; 0     ;
+----------------------------------------------+-------+


+-------------------------------+
; Elapsed Time Per Partition    ;
+----------------+--------------+
; Partition Name ; Elapsed Time ;
+----------------+--------------+
; Top            ; 00:00:00     ;
+----------------+--------------+


+-------------------------------+
; Analysis & Synthesis Messages ;
+-------------------------------+
Info: *******************************************************************
Info: Running Quartus II 64-Bit Analysis & Synthesis
    Info: Version 13.0.1 Build 232 06/12/2013 Service Pack 1 SJ Web Edition
    Info: Processing started: Thu Apr 04 18:16:39 2019
Info: Command: quartus_map --read_settings_files=on --write_settings_files=off bitwise -c bitwise
Warning (20028): Parallel compilation is not licensed and has been disabled
Info (12021): Found 1 design units, including 1 entities, in source file arena_bitwise_2.bdf
    Info (12023): Found entity 1: Arena_bitwise_2
Info (12021): Found 2 design units, including 1 entities, in source file mux16to4.vhd
    Info (12022): Found design unit 1: mux16to4-SYN
    Info (12023): Found entity 1: Mux16to4
Info (12021): Found 2 design units, including 1 entities, in source file arena_bitwise_setlessthansigned.vhd
    Info (12022): Found design unit 1: Arena_bitwise_setLessThanSigned-Arena_bitwise_setLessThanSigned_arch
    Info (12023): Found entity 1: Arena_bitwise_setLessThanSigned
Info (12021): Found 2 design units, including 1 entities, in source file arena_bitwiseoperation_decoder.vhd
    Info (12022): Found design unit 1: Arena_bitwiseOperation_decoder-Arena_bitwiseOperation_decoder_arch
    Info (12023): Found entity 1: Arena_bitwiseOperation_decoder
Info (12021): Found 2 design units, including 1 entities, in source file arena_ledreset.vhd
    Info (12022): Found design unit 1: Arena_ledReset-Arena_ledReset_arch
    Info (12023): Found entity 1: Arena_ledReset
Info (12021): Found 2 design units, including 1 entities, in source file /users/john/documents/college/spring 2019/csc 342 - organization/labs/arena_john/lab 3/modelsim files/arena_bitwisexor.vhd
    Info (12022): Found design unit 1: Arena_bitwisexor-Arena_bitwisexor_arch
    Info (12023): Found entity 1: Arena_bitwisexor
Info (12021): Found 2 design units, including 1 entities, in source file /users/john/documents/college/spring 2019/csc 342 - organization/labs/arena_john/lab 3/modelsim files/arena_bitwiseor.vhd
    Info (12022): Found design unit 1: Arena_bitwiseor-Arena_bitwiseor_arch
    Info (12023): Found entity 1: Arena_bitwiseor
Info (12021): Found 2 design units, including 1 entities, in source file /users/john/documents/college/spring 2019/csc 342 - organization/labs/arena_john/lab 3/modelsim files/arena_bitwisenot.vhd
    Info (12022): Found design unit 1: Arena_bitwisenot-Arena_bitwisenot_arch
    Info (12023): Found entity 1: Arena_bitwisenot
Info (12021): Found 2 design units, including 1 entities, in source file /users/john/documents/college/spring 2019/csc 342 - organization/labs/arena_john/lab 3/modelsim files/arena_bitwiseand.vhd
    Info (12022): Found design unit 1: Arena_bitwiseand-Arena_bitwiseand_arch
    Info (12023): Found entity 1: Arena_bitwiseand
Info (12021): Found 2 design units, including 1 entities, in source file /users/john/documents/college/spring 2019/csc 342 - organization/labs/arena_john/lab 3/modelsim files/arena_bitshiftright.vhd
    Info (12022): Found design unit 1: Arena_bitshiftright-Arena_bitshiftright_arch
    Info (12023): Found entity 1: Arena_bitshiftright
Info (12021): Found 2 design units, including 1 entities, in source file /users/john/documents/college/spring 2019/csc 342 - organization/labs/arena_john/lab 3/modelsim files/arena_bitshiftleft.vhd
    Info (12022): Found design unit 1: Arena_bitshiftleft-Arena_bitshiftleft_arch
    Info (12023): Found entity 1: Arena_bitshiftleft
Info (12021): Found 2 design units, including 1 entities, in source file /users/john/documents/college/spring 2019/csc 342 - organization/labs/arena_john/lab 3/modelsim files/arena_bitrotationright.vhd
    Info (12022): Found design unit 1: Arena_bitrotationright-Arena_bitrotationright_arch
    Info (12023): Found entity 1: Arena_bitrotationright
Info (12021): Found 2 design units, including 1 entities, in source file /users/john/documents/college/spring 2019/csc 342 - organization/labs/arena_john/lab 3/modelsim files/arena_bitrotationleft.vhd
    Info (12022): Found design unit 1: Arena_bitrotationleft-Arena_bitrotationleft_arch
    Info (12023): Found entity 1: Arena_bitrotationleft
Info (12021): Found 2 design units, including 1 entities, in source file arena_bitwise_setlessthanunsigned.vhd
    Info (12022): Found design unit 1: Arena_bitwise_setLessThanUnsigned-Arena_bitwise_setLessThanUnsigned_arch
    Info (12023): Found entity 1: Arena_bitwise_setLessThanUnsigned
Info (12021): Found 2 design units, including 1 entities, in source file arena_bitwise.vhd
    Info (12022): Found design unit 1: Arena_bitwise-Arena_bitwise_arch
    Info (12023): Found entity 1: Arena_bitwise
Info (12127): Elaborating entity "Arena_bitwise_2" for the top level hierarchy
Warning (275043): Pin "Arena_result_bitwiseOUT[5..0]" is missing source
Info (12128): Elaborating entity "Arena_bitwise" for hierarchy "Arena_bitwise:inst"
Warning (10492): VHDL Process Statement warning at Arena_bitwise.vhd(44): signal "Arena_a_bitwiseIN" is read inside the Process Statement but isn't in the Process Statement's sensitivity list
Warning (10492): VHDL Process Statement warning at Arena_bitwise.vhd(46): signal "Arena_a_bitwiseIN" is read inside the Process Statement but isn't in the Process Statement's sensitivity list
Warning (10492): VHDL Process Statement warning at Arena_bitwise.vhd(46): signal "Arena_b_bitwiseIN" is read inside the Process Statement but isn't in the Process Statement's sensitivity list
Warning (10492): VHDL Process Statement warning at Arena_bitwise.vhd(48): signal "Arena_a_bitwiseIN" is read inside the Process Statement but isn't in the Process Statement's sensitivity list
Warning (10492): VHDL Process Statement warning at Arena_bitwise.vhd(48): signal "Arena_b_bitwiseIN" is read inside the Process Statement but isn't in the Process Statement's sensitivity list
Warning (10492): VHDL Process Statement warning at Arena_bitwise.vhd(50): signal "Arena_a_bitwiseIN" is read inside the Process Statement but isn't in the Process Statement's sensitivity list
Warning (10492): VHDL Process Statement warning at Arena_bitwise.vhd(50): signal "Arena_b_bitwiseIN" is read inside the Process Statement but isn't in the Process Statement's sensitivity list
Warning (10492): VHDL Process Statement warning at Arena_bitwise.vhd(52): signal "Arena_a_bitwiseIN" is read inside the Process Statement but isn't in the Process Statement's sensitivity list
Warning (10492): VHDL Process Statement warning at Arena_bitwise.vhd(52): signal "Arena_b_sramt_integer" is read inside the Process Statement but isn't in the Process Statement's sensitivity list
Warning (10492): VHDL Process Statement warning at Arena_bitwise.vhd(54): signal "Arena_a_bitwiseIN" is read inside the Process Statement but isn't in the Process Statement's sensitivity list
Warning (10492): VHDL Process Statement warning at Arena_bitwise.vhd(54): signal "Arena_b_slamt_integer" is read inside the Process Statement but isn't in the Process Statement's sensitivity list
Warning (10492): VHDL Process Statement warning at Arena_bitwise.vhd(56): signal "Arena_a_bitwiseIN" is read inside the Process Statement but isn't in the Process Statement's sensitivity list
Warning (10492): VHDL Process Statement warning at Arena_bitwise.vhd(56): signal "Arena_b_rramt_integer" is read inside the Process Statement but isn't in the Process Statement's sensitivity list
Warning (10492): VHDL Process Statement warning at Arena_bitwise.vhd(58): signal "Arena_a_bitwiseIN" is read inside the Process Statement but isn't in the Process Statement's sensitivity list
Warning (10492): VHDL Process Statement warning at Arena_bitwise.vhd(58): signal "Arena_b_rlamt_integer" is read inside the Process Statement but isn't in the Process Statement's sensitivity list
Warning (10631): VHDL Process Statement warning at Arena_bitwise.vhd(39): inferring latch(es) for signal or variable "Arena_result_bitwiseOUT", which holds its previous value in one or more paths through the process
Info (10041): Inferred latch for "Arena_result_bitwiseOUT[0]" at Arena_bitwise.vhd(39)
Info (10041): Inferred latch for "Arena_result_bitwiseOUT[1]" at Arena_bitwise.vhd(39)
Info (10041): Inferred latch for "Arena_result_bitwiseOUT[2]" at Arena_bitwise.vhd(39)
Info (10041): Inferred latch for "Arena_result_bitwiseOUT[3]" at Arena_bitwise.vhd(39)
Info (10041): Inferred latch for "Arena_result_bitwiseOUT[4]" at Arena_bitwise.vhd(39)
Info (10041): Inferred latch for "Arena_result_bitwiseOUT[5]" at Arena_bitwise.vhd(39)
Warning (13024): Output pins are stuck at VCC or GND
    Warning (13410): Pin "Arena_result_bitwiseOUT[5]" is stuck at GND
    Warning (13410): Pin "Arena_result_bitwiseOUT[4]" is stuck at GND
    Warning (13410): Pin "Arena_result_bitwiseOUT[3]" is stuck at GND
    Warning (13410): Pin "Arena_result_bitwiseOUT[2]" is stuck at GND
    Warning (13410): Pin "Arena_result_bitwiseOUT[1]" is stuck at GND
    Warning (13410): Pin "Arena_result_bitwiseOUT[0]" is stuck at GND
Info (16010): Generating hard_block partition "hard_block:auto_generated_inst"
    Info (16011): Adding 0 node(s), including 0 DDIO, 0 PLL, 0 transceiver and 0 LCELL
Warning (21074): Design contains 17 input pin(s) that do not drive logic
    Warning (15610): No output dependent on input pin "Arena_buttonStart"
    Warning (15610): No output dependent on input pin "Arena_a_bitwiseIN[5]"
    Warning (15610): No output dependent on input pin "Arena_a_bitwiseIN[4]"
    Warning (15610): No output dependent on input pin "Arena_a_bitwiseIN[3]"
    Warning (15610): No output dependent on input pin "Arena_a_bitwiseIN[2]"
    Warning (15610): No output dependent on input pin "Arena_a_bitwiseIN[1]"
    Warning (15610): No output dependent on input pin "Arena_a_bitwiseIN[0]"
    Warning (15610): No output dependent on input pin "Arena_b_bitwiseIN[5]"
    Warning (15610): No output dependent on input pin "Arena_b_bitwiseIN[4]"
    Warning (15610): No output dependent on input pin "Arena_b_bitwiseIN[3]"
    Warning (15610): No output dependent on input pin "Arena_b_bitwiseIN[2]"
    Warning (15610): No output dependent on input pin "Arena_b_bitwiseIN[1]"
    Warning (15610): No output dependent on input pin "Arena_b_bitwiseIN[0]"
    Warning (15610): No output dependent on input pin "Arena_opcode[3]"
    Warning (15610): No output dependent on input pin "Arena_opcode[2]"
    Warning (15610): No output dependent on input pin "Arena_opcode[1]"
    Warning (15610): No output dependent on input pin "Arena_opcode[0]"
Info (21057): Implemented 23 device resources after synthesis - the final resource count might be different
    Info (21058): Implemented 17 input pins
    Info (21059): Implemented 6 output pins
Info: Quartus II 64-Bit Analysis & Synthesis was successful. 0 errors, 43 warnings
    Info: Peak virtual memory: 481 megabytes
    Info: Processing ended: Thu Apr 04 18:16:42 2019
    Info: Elapsed time: 00:00:03
    Info: Total CPU time (on all processors): 00:00:03


