Flow report for bitwise
Mon Apr 08 21:17:55 2019
Quartus II 64-Bit Version 13.0.1 Build 232 06/12/2013 Service Pack 1 SJ Web Edition


---------------------
; Table of Contents ;
---------------------
  1. Legal Notice
  2. Flow Summary
  3. Flow Settings
  4. Flow Non-Default Global Settings
  5. Flow Elapsed Time
  6. Flow OS Summary
  7. Flow Log
  8. Flow Messages
  9. Flow Suppressed Messages



----------------
; Legal Notice ;
----------------
Copyright (C) 1991-2013 Altera Corporation
Your use of Altera Corporation's design tools, logic functions 
and other software and tools, and its AMPP partner logic 
functions, and any output files from any of the foregoing 
(including device programming or simulation files), and any 
associated documentation or information are expressly subject 
to the terms and conditions of the Altera Program License 
Subscription Agreement, Altera MegaCore Function License 
Agreement, or other applicable license agreement, including, 
without limitation, that your use is for the sole purpose of 
programming logic devices manufactured by Altera and sold by 
Altera or its authorized distributors.  Please refer to the 
applicable agreement for further details.



+--------------------------------------------------------------------------------------+
; Flow Summary                                                                         ;
+------------------------------------+-------------------------------------------------+
; Flow Status                        ; Successful - Mon Apr 08 21:17:55 2019           ;
; Quartus II 64-Bit Version          ; 13.0.1 Build 232 06/12/2013 SP 1 SJ Web Edition ;
; Revision Name                      ; bitwise                                         ;
; Top-level Entity Name              ; Arena_bitwise                                   ;
; Family                             ; Cyclone II                                      ;
; Device                             ; EP2C35F672C6                                    ;
; Timing Models                      ; Final                                           ;
; Total logic elements               ; 163 / 33,216 ( < 1 % )                          ;
;     Total combinational functions  ; 163 / 33,216 ( < 1 % )                          ;
;     Dedicated logic registers      ; 0 / 33,216 ( 0 % )                              ;
; Total registers                    ; 0                                               ;
; Total pins                         ; 23 / 475 ( 5 % )                                ;
; Total virtual pins                 ; 0                                               ;
; Total memory bits                  ; 0 / 483,840 ( 0 % )                             ;
; Embedded Multiplier 9-bit elements ; 0 / 70 ( 0 % )                                  ;
; Total PLLs                         ; 0 / 4 ( 0 % )                                   ;
+------------------------------------+-------------------------------------------------+


+-----------------------------------------+
; Flow Settings                           ;
+-------------------+---------------------+
; Option            ; Setting             ;
+-------------------+---------------------+
; Start date & time ; 04/08/2019 21:17:34 ;
; Main task         ; Compilation         ;
; Revision Name     ; bitwise             ;
+-------------------+---------------------+


+---------------------------------------------------------------------------------------------------------------------------------+
; Flow Non-Default Global Settings                                                                                                ;
+--------------------------------------+---------------------------------------+---------------+---------------+------------------+
; Assignment Name                      ; Value                                 ; Default Value ; Entity Name   ; Section Id       ;
+--------------------------------------+---------------------------------------+---------------+---------------+------------------+
; COMPILER_SIGNATURE_ID                ; 264840330406669.155477265410804       ; --            ; --            ; --               ;
; EDA_DESIGN_INSTANCE_NAME             ; NA                                    ; --            ; --            ; Arena_bitwise_tb ;
; EDA_GENERATE_FUNCTIONAL_NETLIST      ; On                                    ; --            ; --            ; eda_simulation   ;
; EDA_NATIVELINK_SIMULATION_TEST_BENCH ; Arena_bitwise_tb                      ; --            ; --            ; eda_simulation   ;
; EDA_OUTPUT_DATA_FORMAT               ; Verilog Hdl                           ; --            ; --            ; eda_simulation   ;
; EDA_SIMULATION_TOOL                  ; ModelSim-Altera (Verilog)             ; <None>        ; --            ; --               ;
; EDA_TEST_BENCH_ENABLE_STATUS         ; TEST_BENCH_MODE                       ; --            ; --            ; eda_simulation   ;
; EDA_TEST_BENCH_FILE                  ; Arena_bitwise_tb.vhd                  ; --            ; --            ; Arena_bitwise_tb ;
; EDA_TEST_BENCH_MODULE_NAME           ; Arena_bitwise_tb                      ; --            ; --            ; Arena_bitwise_tb ;
; EDA_TEST_BENCH_NAME                  ; Arena_bitwise_tb                      ; --            ; --            ; eda_simulation   ;
; EDA_TIME_SCALE                       ; 1 ps                                  ; --            ; --            ; eda_simulation   ;
; MAX_CORE_JUNCTION_TEMP               ; 85                                    ; --            ; --            ; --               ;
; MIN_CORE_JUNCTION_TEMP               ; 0                                     ; --            ; --            ; --               ;
; PARTITION_COLOR                      ; 16764057                              ; --            ; Arena_bitwise ; Top              ;
; PARTITION_FITTER_PRESERVATION_LEVEL  ; PLACEMENT_AND_ROUTING                 ; --            ; Arena_bitwise ; Top              ;
; PARTITION_NETLIST_TYPE               ; SOURCE                                ; --            ; Arena_bitwise ; Top              ;
; POWER_BOARD_THERMAL_MODEL            ; None (CONSERVATIVE)                   ; --            ; --            ; --               ;
; POWER_PRESET_COOLING_SOLUTION        ; 23 MM HEAT SINK WITH 200 LFPM AIRFLOW ; --            ; --            ; --               ;
; PROJECT_OUTPUT_DIRECTORY             ; output_files                          ; --            ; --            ; --               ;
; TOP_LEVEL_ENTITY                     ; Arena_bitwise                         ; bitwise       ; --            ; --               ;
+--------------------------------------+---------------------------------------+---------------+---------------+------------------+


+-------------------------------------------------------------------------------------------------------------------------------+
; Flow Elapsed Time                                                                                                             ;
+---------------------------+--------------+-------------------------+---------------------+------------------------------------+
; Module Name               ; Elapsed Time ; Average Processors Used ; Peak Virtual Memory ; Total CPU Time (on all processors) ;
+---------------------------+--------------+-------------------------+---------------------+------------------------------------+
; Analysis & Synthesis      ; 00:00:04     ; 1.0                     ; 4665 MB             ; 00:00:03                           ;
; Fitter                    ; 00:00:08     ; 1.3                     ; 5047 MB             ; 00:00:09                           ;
; Assembler                 ; 00:00:03     ; 1.0                     ; 4589 MB             ; 00:00:03                           ;
; TimeQuest Timing Analyzer ; 00:00:02     ; 1.0                     ; 4593 MB             ; 00:00:02                           ;
; EDA Netlist Writer        ; 00:00:01     ; 1.0                     ; 4545 MB             ; 00:00:01                           ;
; Total                     ; 00:00:18     ; --                      ; --                  ; 00:00:18                           ;
+---------------------------+--------------+-------------------------+---------------------+------------------------------------+


+----------------------------------------------------------------------------------------+
; Flow OS Summary                                                                        ;
+---------------------------+------------------+-----------+------------+----------------+
; Module Name               ; Machine Hostname ; OS Name   ; OS Version ; Processor type ;
+---------------------------+------------------+-----------+------------+----------------+
; Analysis & Synthesis      ; DESKTOP-30O6SP6  ; Windows 7 ; 6.2        ; x86_64         ;
; Fitter                    ; DESKTOP-30O6SP6  ; Windows 7 ; 6.2        ; x86_64         ;
; Assembler                 ; DESKTOP-30O6SP6  ; Windows 7 ; 6.2        ; x86_64         ;
; TimeQuest Timing Analyzer ; DESKTOP-30O6SP6  ; Windows 7 ; 6.2        ; x86_64         ;
; EDA Netlist Writer        ; DESKTOP-30O6SP6  ; Windows 7 ; 6.2        ; x86_64         ;
+---------------------------+------------------+-----------+------------+----------------+


------------
; Flow Log ;
------------
quartus_map --read_settings_files=on --write_settings_files=off bitwise -c bitwise
quartus_fit --read_settings_files=off --write_settings_files=off bitwise -c bitwise
quartus_asm --read_settings_files=off --write_settings_files=off bitwise -c bitwise
quartus_sta bitwise -c bitwise
quartus_eda --read_settings_files=off --write_settings_files=off bitwise -c bitwise



