Analysis & Synthesis report for Single_Cycle_CPU
Sat May 11 21:21:14 2019
Quartus II 64-Bit Version 13.0.1 Build 232 06/12/2013 Service Pack 1 SJ Web Edition


---------------------
; Table of Contents ;
---------------------
  1. Legal Notice
  2. Analysis & Synthesis Summary
  3. Analysis & Synthesis Settings
  4. Parallel Compilation
  5. Analysis & Synthesis Source Files Read
  6. Analysis & Synthesis Resource Usage Summary
  7. Analysis & Synthesis Resource Utilization by Entity
  8. User-Specified and Inferred Latches
  9. General Register Statistics
 10. Multiplexer Restructuring Statistics (Restructuring Performed)
 11. Elapsed Time Per Partition
 12. Analysis & Synthesis Messages



----------------
; Legal Notice ;
----------------
Copyright (C) 1991-2013 Altera Corporation
Your use of Altera Corporation's design tools, logic functions 
and other software and tools, and its AMPP partner logic 
functions, and any output files from any of the foregoing 
(including device programming or simulation files), and any 
associated documentation or information are expressly subject 
to the terms and conditions of the Altera Program License 
Subscription Agreement, Altera MegaCore Function License 
Agreement, or other applicable license agreement, including, 
without limitation, that your use is for the sole purpose of 
programming logic devices manufactured by Altera and sold by 
Altera or its authorized distributors.  Please refer to the 
applicable agreement for further details.



+--------------------------------------------------------------------------------------+
; Analysis & Synthesis Summary                                                         ;
+------------------------------------+-------------------------------------------------+
; Analysis & Synthesis Status        ; Successful - Sat May 11 21:21:14 2019           ;
; Quartus II 64-Bit Version          ; 13.0.1 Build 232 06/12/2013 SP 1 SJ Web Edition ;
; Revision Name                      ; Single_Cycle_CPU                                ;
; Top-level Entity Name              ; Arena_ALU                                       ;
; Family                             ; Cyclone II                                      ;
; Total logic elements               ; 293                                             ;
;     Total combinational functions  ; 293                                             ;
;     Dedicated logic registers      ; 0                                               ;
; Total registers                    ; 0                                               ;
; Total pins                         ; 101                                             ;
; Total virtual pins                 ; 0                                               ;
; Total memory bits                  ; 0                                               ;
; Embedded Multiplier 9-bit elements ; 0                                               ;
; Total PLLs                         ; 0                                               ;
+------------------------------------+-------------------------------------------------+


+----------------------------------------------------------------------------------------------------------------------+
; Analysis & Synthesis Settings                                                                                        ;
+----------------------------------------------------------------------------+--------------------+--------------------+
; Option                                                                     ; Setting            ; Default Value      ;
+----------------------------------------------------------------------------+--------------------+--------------------+
; Device                                                                     ; EP2C35F672C6       ;                    ;
; Top-level entity name                                                      ; Arena_ALU          ; Single_Cycle_CPU   ;
; Family name                                                                ; Cyclone II         ; Cyclone IV GX      ;
; Use smart compilation                                                      ; Off                ; Off                ;
; Enable parallel Assembler and TimeQuest Timing Analyzer during compilation ; On                 ; On                 ;
; Enable compact report table                                                ; Off                ; Off                ;
; Restructure Multiplexers                                                   ; Auto               ; Auto               ;
; Create Debugging Nodes for IP Cores                                        ; Off                ; Off                ;
; Preserve fewer node names                                                  ; On                 ; On                 ;
; Disable OpenCore Plus hardware evaluation                                  ; Off                ; Off                ;
; Verilog Version                                                            ; Verilog_2001       ; Verilog_2001       ;
; VHDL Version                                                               ; VHDL_1993          ; VHDL_1993          ;
; State Machine Processing                                                   ; Auto               ; Auto               ;
; Safe State Machine                                                         ; Off                ; Off                ;
; Extract Verilog State Machines                                             ; On                 ; On                 ;
; Extract VHDL State Machines                                                ; On                 ; On                 ;
; Ignore Verilog initial constructs                                          ; Off                ; Off                ;
; Iteration limit for constant Verilog loops                                 ; 5000               ; 5000               ;
; Iteration limit for non-constant Verilog loops                             ; 250                ; 250                ;
; Add Pass-Through Logic to Inferred RAMs                                    ; On                 ; On                 ;
; Infer RAMs from Raw Logic                                                  ; On                 ; On                 ;
; Parallel Synthesis                                                         ; On                 ; On                 ;
; DSP Block Balancing                                                        ; Auto               ; Auto               ;
; NOT Gate Push-Back                                                         ; On                 ; On                 ;
; Power-Up Don't Care                                                        ; On                 ; On                 ;
; Remove Redundant Logic Cells                                               ; Off                ; Off                ;
; Remove Duplicate Registers                                                 ; On                 ; On                 ;
; Ignore CARRY Buffers                                                       ; Off                ; Off                ;
; Ignore CASCADE Buffers                                                     ; Off                ; Off                ;
; Ignore GLOBAL Buffers                                                      ; Off                ; Off                ;
; Ignore ROW GLOBAL Buffers                                                  ; Off                ; Off                ;
; Ignore LCELL Buffers                                                       ; Off                ; Off                ;
; Ignore SOFT Buffers                                                        ; On                 ; On                 ;
; Limit AHDL Integers to 32 Bits                                             ; Off                ; Off                ;
; Optimization Technique                                                     ; Balanced           ; Balanced           ;
; Carry Chain Length                                                         ; 70                 ; 70                 ;
; Auto Carry Chains                                                          ; On                 ; On                 ;
; Auto Open-Drain Pins                                                       ; On                 ; On                 ;
; Perform WYSIWYG Primitive Resynthesis                                      ; Off                ; Off                ;
; Auto ROM Replacement                                                       ; On                 ; On                 ;
; Auto RAM Replacement                                                       ; On                 ; On                 ;
; Auto Shift Register Replacement                                            ; Auto               ; Auto               ;
; Allow Shift Register Merging across Hierarchies                            ; Auto               ; Auto               ;
; Auto Clock Enable Replacement                                              ; On                 ; On                 ;
; Strict RAM Replacement                                                     ; Off                ; Off                ;
; Allow Synchronous Control Signals                                          ; On                 ; On                 ;
; Force Use of Synchronous Clear Signals                                     ; Off                ; Off                ;
; Auto RAM to Logic Cell Conversion                                          ; Off                ; Off                ;
; Auto Resource Sharing                                                      ; Off                ; Off                ;
; Allow Any RAM Size For Recognition                                         ; Off                ; Off                ;
; Allow Any ROM Size For Recognition                                         ; Off                ; Off                ;
; Allow Any Shift Register Size For Recognition                              ; Off                ; Off                ;
; Use LogicLock Constraints during Resource Balancing                        ; On                 ; On                 ;
; Ignore translate_off and synthesis_off directives                          ; Off                ; Off                ;
; Timing-Driven Synthesis                                                    ; Off                ; Off                ;
; Report Parameter Settings                                                  ; On                 ; On                 ;
; Report Source Assignments                                                  ; On                 ; On                 ;
; Report Connectivity Checks                                                 ; On                 ; On                 ;
; Ignore Maximum Fan-Out Assignments                                         ; Off                ; Off                ;
; Synchronization Register Chain Length                                      ; 2                  ; 2                  ;
; PowerPlay Power Optimization                                               ; Normal compilation ; Normal compilation ;
; HDL message level                                                          ; Level2             ; Level2             ;
; Suppress Register Optimization Related Messages                            ; Off                ; Off                ;
; Number of Removed Registers Reported in Synthesis Report                   ; 5000               ; 5000               ;
; Number of Swept Nodes Reported in Synthesis Report                         ; 5000               ; 5000               ;
; Number of Inverted Registers Reported in Synthesis Report                  ; 100                ; 100                ;
; Clock MUX Protection                                                       ; On                 ; On                 ;
; Auto Gated Clock Conversion                                                ; Off                ; Off                ;
; Block Design Naming                                                        ; Auto               ; Auto               ;
; SDC constraint protection                                                  ; Off                ; Off                ;
; Synthesis Effort                                                           ; Auto               ; Auto               ;
; Shift Register Replacement - Allow Asynchronous Clear Signal               ; On                 ; On                 ;
; Pre-Mapping Resynthesis Optimization                                       ; Off                ; Off                ;
; Analysis & Synthesis Message Level                                         ; Medium             ; Medium             ;
; Disable Register Merging Across Hierarchies                                ; Auto               ; Auto               ;
; Resource Aware Inference For Block RAM                                     ; On                 ; On                 ;
; Synthesis Seed                                                             ; 1                  ; 1                  ;
+----------------------------------------------------------------------------+--------------------+--------------------+


Parallel compilation was disabled, but you have multiple processors available. Enable parallel compilation to reduce compilation time.
+-------------------------------------+
; Parallel Compilation                ;
+----------------------------+--------+
; Processors                 ; Number ;
+----------------------------+--------+
; Number detected on machine ; 4      ;
; Maximum allowed            ; 1      ;
+----------------------------+--------+


+-------------------------------------------------------------------------------------------------------------------------------------------------------------------------------------------------------+
; Analysis & Synthesis Source Files Read                                                                                                                                                                ;
+----------------------------------+-----------------+-----------------+----------------------------------------------------------------------------------------------------------------------+---------+
; File Name with User-Entered Path ; Used in Netlist ; File Type       ; File Name with Absolute Path                                                                                         ; Library ;
+----------------------------------+-----------------+-----------------+----------------------------------------------------------------------------------------------------------------------+---------+
; Arena_ALU.vhd                    ; yes             ; User VHDL File  ; C:/Users/John/Documents/College/Spring 2019/CSC 342 - Organization/Labs/Arena_John/Lab 5/Quartus Files/Arena_ALU.vhd ;         ;
+----------------------------------+-----------------+-----------------+----------------------------------------------------------------------------------------------------------------------+---------+


+------------------------------------------------------+
; Analysis & Synthesis Resource Usage Summary          ;
+---------------------------------------------+--------+
; Resource                                    ; Usage  ;
+---------------------------------------------+--------+
; Estimated Total logic elements              ; 293    ;
;                                             ;        ;
; Total combinational functions               ; 293    ;
; Logic element usage by number of LUT inputs ;        ;
;     -- 4 input functions                    ; 34     ;
;     -- 3 input functions                    ; 224    ;
;     -- <=2 input functions                  ; 35     ;
;                                             ;        ;
; Logic elements by mode                      ;        ;
;     -- normal mode                          ; 230    ;
;     -- arithmetic mode                      ; 63     ;
;                                             ;        ;
; Total registers                             ; 0      ;
;     -- Dedicated logic registers            ; 0      ;
;     -- I/O registers                        ; 0      ;
;                                             ;        ;
; I/O pins                                    ; 101    ;
; Embedded Multiplier 9-bit elements          ; 0      ;
; Maximum fan-out node                        ; Mux3~0 ;
; Maximum fan-out                             ; 96     ;
; Total fan-out                               ; 911    ;
; Average fan-out                             ; 2.31   ;
+---------------------------------------------+--------+


+-----------------------------------------------------------------------------------------------------------------------------------------------------------------------------+
; Analysis & Synthesis Resource Utilization by Entity                                                                                                                         ;
+----------------------------+-------------------+--------------+-------------+--------------+---------+-----------+------+--------------+---------------------+--------------+
; Compilation Hierarchy Node ; LC Combinationals ; LC Registers ; Memory Bits ; DSP Elements ; DSP 9x9 ; DSP 18x18 ; Pins ; Virtual Pins ; Full Hierarchy Name ; Library Name ;
+----------------------------+-------------------+--------------+-------------+--------------+---------+-----------+------+--------------+---------------------+--------------+
; |Arena_ALU                 ; 293 (293)         ; 0 (0)        ; 0           ; 0            ; 0       ; 0         ; 101  ; 0            ; |Arena_ALU          ; work         ;
+----------------------------+-------------------+--------------+-------------+--------------+---------+-----------+------+--------------+---------------------+--------------+
Note: For table entries with two numbers listed, the numbers in parentheses indicate the number of resources of the given type used by the specific entity alone. The numbers listed outside of parentheses indicate the total resources of the given type used by the specific entity and all of its sub-entities in the hierarchy.


+-----------------------------------------------------------------------------------------------------+
; User-Specified and Inferred Latches                                                                 ;
+------------------------------------------------------+---------------------+------------------------+
; Latch Name                                           ; Latch Enable Signal ; Free of Timing Hazards ;
+------------------------------------------------------+---------------------+------------------------+
; Arena_ALU_OUT[0]$latch                               ; Mux132              ; yes                    ;
; Arena_ALU_OUT[1]$latch                               ; Mux132              ; yes                    ;
; Arena_ALU_OUT[2]$latch                               ; Mux132              ; yes                    ;
; Arena_ALU_OUT[3]$latch                               ; Mux132              ; yes                    ;
; Arena_ALU_OUT[4]$latch                               ; Mux132              ; yes                    ;
; Arena_ALU_OUT[5]$latch                               ; Mux132              ; yes                    ;
; Arena_ALU_OUT[6]$latch                               ; Mux132              ; yes                    ;
; Arena_ALU_OUT[7]$latch                               ; Mux132              ; yes                    ;
; Arena_ALU_OUT[8]$latch                               ; Mux132              ; yes                    ;
; Arena_ALU_OUT[9]$latch                               ; Mux132              ; yes                    ;
; Arena_ALU_OUT[10]$latch                              ; Mux132              ; yes                    ;
; Arena_ALU_OUT[11]$latch                              ; Mux132              ; yes                    ;
; Arena_ALU_OUT[12]$latch                              ; Mux132              ; yes                    ;
; Arena_ALU_OUT[13]$latch                              ; Mux132              ; yes                    ;
; Arena_ALU_OUT[14]$latch                              ; Mux132              ; yes                    ;
; Arena_ALU_OUT[15]$latch                              ; Mux132              ; yes                    ;
; Arena_ALU_OUT[16]$latch                              ; Mux132              ; yes                    ;
; Arena_ALU_OUT[17]$latch                              ; Mux132              ; yes                    ;
; Arena_ALU_OUT[18]$latch                              ; Mux132              ; yes                    ;
; Arena_ALU_OUT[19]$latch                              ; Mux132              ; yes                    ;
; Arena_ALU_OUT[20]$latch                              ; Mux132              ; yes                    ;
; Arena_ALU_OUT[21]$latch                              ; Mux132              ; yes                    ;
; Arena_ALU_OUT[22]$latch                              ; Mux132              ; yes                    ;
; Arena_ALU_OUT[23]$latch                              ; Mux132              ; yes                    ;
; Arena_ALU_OUT[24]$latch                              ; Mux132              ; yes                    ;
; Arena_ALU_OUT[25]$latch                              ; Mux132              ; yes                    ;
; Arena_ALU_OUT[26]$latch                              ; Mux132              ; yes                    ;
; Arena_ALU_OUT[27]$latch                              ; Mux132              ; yes                    ;
; Arena_ALU_OUT[28]$latch                              ; Mux132              ; yes                    ;
; Arena_ALU_OUT[29]$latch                              ; Mux132              ; yes                    ;
; Arena_ALU_OUT[30]$latch                              ; Mux132              ; yes                    ;
; Arena_ALU_OUT[31]$latch                              ; Mux132              ; yes                    ;
; Arena_ALU_Zero$latch                                 ; Mux1                ; yes                    ;
; Arena_arithmetic_conv[0]                             ; Mux3                ; yes                    ;
; Arena_arithmetic_conv[1]                             ; Mux3                ; yes                    ;
; Arena_arithmetic_conv[2]                             ; Mux3                ; yes                    ;
; Arena_arithmetic_conv[3]                             ; Mux3                ; yes                    ;
; Arena_arithmetic_conv[4]                             ; Mux3                ; yes                    ;
; Arena_arithmetic_conv[5]                             ; Mux3                ; yes                    ;
; Arena_arithmetic_conv[6]                             ; Mux3                ; yes                    ;
; Arena_arithmetic_conv[7]                             ; Mux3                ; yes                    ;
; Arena_arithmetic_conv[8]                             ; Mux3                ; yes                    ;
; Arena_arithmetic_conv[9]                             ; Mux3                ; yes                    ;
; Arena_arithmetic_conv[10]                            ; Mux3                ; yes                    ;
; Arena_arithmetic_conv[11]                            ; Mux3                ; yes                    ;
; Arena_arithmetic_conv[12]                            ; Mux3                ; yes                    ;
; Arena_arithmetic_conv[13]                            ; Mux3                ; yes                    ;
; Arena_arithmetic_conv[14]                            ; Mux3                ; yes                    ;
; Arena_arithmetic_conv[15]                            ; Mux3                ; yes                    ;
; Arena_arithmetic_conv[16]                            ; Mux3                ; yes                    ;
; Arena_arithmetic_conv[17]                            ; Mux3                ; yes                    ;
; Arena_arithmetic_conv[18]                            ; Mux3                ; yes                    ;
; Arena_arithmetic_conv[19]                            ; Mux3                ; yes                    ;
; Arena_arithmetic_conv[20]                            ; Mux3                ; yes                    ;
; Arena_arithmetic_conv[21]                            ; Mux3                ; yes                    ;
; Arena_arithmetic_conv[22]                            ; Mux3                ; yes                    ;
; Arena_arithmetic_conv[23]                            ; Mux3                ; yes                    ;
; Arena_arithmetic_conv[24]                            ; Mux3                ; yes                    ;
; Arena_arithmetic_conv[25]                            ; Mux3                ; yes                    ;
; Arena_arithmetic_conv[26]                            ; Mux3                ; yes                    ;
; Arena_arithmetic_conv[27]                            ; Mux3                ; yes                    ;
; Arena_arithmetic_conv[28]                            ; Mux3                ; yes                    ;
; Arena_arithmetic_conv[29]                            ; Mux3                ; yes                    ;
; Arena_arithmetic_conv[30]                            ; Mux3                ; yes                    ;
; Arena_arithmetic_conv[31]                            ; Mux3                ; yes                    ;
; Arena_sign_conv_B[0]                                 ; Mux3                ; yes                    ;
; Arena_sign_conv_A[0]                                 ; Mux3                ; yes                    ;
; Arena_sign_conv_B[1]                                 ; Mux3                ; yes                    ;
; Arena_sign_conv_A[1]                                 ; Mux3                ; yes                    ;
; Arena_sign_conv_B[2]                                 ; Mux3                ; yes                    ;
; Arena_sign_conv_A[2]                                 ; Mux3                ; yes                    ;
; Arena_sign_conv_B[3]                                 ; Mux3                ; yes                    ;
; Arena_sign_conv_A[3]                                 ; Mux3                ; yes                    ;
; Arena_sign_conv_B[4]                                 ; Mux3                ; yes                    ;
; Arena_sign_conv_A[4]                                 ; Mux3                ; yes                    ;
; Arena_sign_conv_B[5]                                 ; Mux3                ; yes                    ;
; Arena_sign_conv_A[5]                                 ; Mux3                ; yes                    ;
; Arena_sign_conv_B[6]                                 ; Mux3                ; yes                    ;
; Arena_sign_conv_A[6]                                 ; Mux3                ; yes                    ;
; Arena_sign_conv_B[7]                                 ; Mux3                ; yes                    ;
; Arena_sign_conv_A[7]                                 ; Mux3                ; yes                    ;
; Arena_sign_conv_B[8]                                 ; Mux3                ; yes                    ;
; Arena_sign_conv_A[8]                                 ; Mux3                ; yes                    ;
; Arena_sign_conv_B[9]                                 ; Mux3                ; yes                    ;
; Arena_sign_conv_A[9]                                 ; Mux3                ; yes                    ;
; Arena_sign_conv_B[10]                                ; Mux3                ; yes                    ;
; Arena_sign_conv_A[10]                                ; Mux3                ; yes                    ;
; Arena_sign_conv_B[11]                                ; Mux3                ; yes                    ;
; Arena_sign_conv_A[11]                                ; Mux3                ; yes                    ;
; Arena_sign_conv_B[12]                                ; Mux3                ; yes                    ;
; Arena_sign_conv_A[12]                                ; Mux3                ; yes                    ;
; Arena_sign_conv_B[13]                                ; Mux3                ; yes                    ;
; Arena_sign_conv_A[13]                                ; Mux3                ; yes                    ;
; Arena_sign_conv_B[14]                                ; Mux3                ; yes                    ;
; Arena_sign_conv_A[14]                                ; Mux3                ; yes                    ;
; Arena_sign_conv_B[15]                                ; Mux3                ; yes                    ;
; Arena_sign_conv_A[15]                                ; Mux3                ; yes                    ;
; Arena_sign_conv_B[16]                                ; Mux3                ; yes                    ;
; Arena_sign_conv_A[16]                                ; Mux3                ; yes                    ;
; Arena_sign_conv_B[17]                                ; Mux3                ; yes                    ;
; Number of user-specified and inferred latches = 129  ;                     ;                        ;
+------------------------------------------------------+---------------------+------------------------+
Table restricted to first 100 entries. Note: All latches listed above may not be present at the end of synthesis due to various synthesis optimizations.


+------------------------------------------------------+
; General Register Statistics                          ;
+----------------------------------------------+-------+
; Statistic                                    ; Value ;
+----------------------------------------------+-------+
; Total registers                              ; 0     ;
; Number of registers using Synchronous Clear  ; 0     ;
; Number of registers using Synchronous Load   ; 0     ;
; Number of registers using Asynchronous Clear ; 0     ;
; Number of registers using Asynchronous Load  ; 0     ;
; Number of registers using Clock Enable       ; 0     ;
; Number of registers using Preset             ; 0     ;
+----------------------------------------------+-------+


+------------------------------------------------------------------------------------------------------------------------------------------+
; Multiplexer Restructuring Statistics (Restructuring Performed)                                                                           ;
+--------------------+-----------+---------------+----------------------+------------------------+------------+----------------------------+
; Multiplexer Inputs ; Bus Width ; Baseline Area ; Area if Restructured ; Saving if Restructured ; Registered ; Example Multiplexer Output ;
+--------------------+-----------+---------------+----------------------+------------------------+------------+----------------------------+
; 1:1                ; 64 bits   ; 0 LEs         ; 0 LEs                ; 0 LEs                  ; No         ; |Arena_ALU|Mux99           ;
; 4:1                ; 32 bits   ; 64 LEs        ; 64 LEs               ; 0 LEs                  ; No         ; |Arena_ALU|Mux131          ;
+--------------------+-----------+---------------+----------------------+------------------------+------------+----------------------------+


+-------------------------------+
; Elapsed Time Per Partition    ;
+----------------+--------------+
; Partition Name ; Elapsed Time ;
+----------------+--------------+
; Top            ; 00:00:00     ;
+----------------+--------------+


+-------------------------------+
; Analysis & Synthesis Messages ;
+-------------------------------+
Info: *******************************************************************
Info: Running Quartus II 64-Bit Analysis & Synthesis
    Info: Version 13.0.1 Build 232 06/12/2013 Service Pack 1 SJ Web Edition
    Info: Processing started: Sat May 11 21:21:10 2019
Info: Command: quartus_map --read_settings_files=on --write_settings_files=off Single_Cycle_CPU -c Single_Cycle_CPU
Warning (20028): Parallel compilation is not licensed and has been disabled
Info (12021): Found 2 design units, including 1 entities, in source file arena_mem_access_2.vhd
    Info (12022): Found design unit 1: Arena_Mem_Access_2-Arena_Mem_Access_2_arch
    Info (12023): Found entity 1: Arena_Mem_Access_2
Info (12021): Found 1 design units, including 1 entities, in source file ram3port.bdf
    Info (12023): Found entity 1: ram3port
Info (12021): Found 2 design units, including 1 entities, in source file mem_access.vhd
    Info (12022): Found design unit 1: Mem_Access-rtl
    Info (12023): Found entity 1: Mem_Access
Info (12021): Found 2 design units, including 1 entities, in source file arena_programcounter_32bit.vhd
    Info (12022): Found design unit 1: Arena_ProgramCounter_32bit-Arena_ProgramCounter_32bit_arch
    Info (12023): Found entity 1: Arena_ProgramCounter_32bit
Info (12021): Found 1 design units, including 1 entities, in source file single_cycle_cpu.bdf
    Info (12023): Found entity 1: Single_Cycle_CPU
Info (12021): Found 4 design units, including 2 entities, in source file lpm_constant0.vhd
    Info (12022): Found design unit 1: lpm_constant0_lpm_constant_v09-RTL
    Info (12022): Found design unit 2: lpm_constant0-RTL
    Info (12023): Found entity 1: lpm_constant0_lpm_constant_v09
    Info (12023): Found entity 2: lpm_constant0
Info (12021): Found 2 design units, including 1 entities, in source file lpm_add_sub0.vhd
    Info (12022): Found design unit 1: lpm_add_sub0-SYN
    Info (12023): Found entity 1: lpm_add_sub0
Info (12021): Found 4 design units, including 2 entities, in source file lpm_constant1.vhd
    Info (12022): Found design unit 1: lpm_constant1_lpm_constant_s09-RTL
    Info (12022): Found design unit 2: lpm_constant1-RTL
    Info (12023): Found entity 1: lpm_constant1_lpm_constant_s09
    Info (12023): Found entity 2: lpm_constant1
Info (12021): Found 2 design units, including 1 entities, in source file lpm_3ramport.vhd
    Info (12022): Found design unit 1: lpm_3ramport-SYN
    Info (12023): Found entity 1: lpm_3ramport
Info (12021): Found 2 design units, including 1 entities, in source file arena_control.vhd
    Info (12022): Found design unit 1: Arena_Control-Arena_Control_arch
    Info (12023): Found entity 1: Arena_Control
Info (12021): Found 1 design units, including 1 entities, in source file arena_alu_control.bdf
    Info (12023): Found entity 1: Arena_ALU_Control
Info (12021): Found 2 design units, including 1 entities, in source file arena_alu.vhd
    Info (12022): Found design unit 1: Arena_ALU-Arena_ALU_arch
    Info (12023): Found entity 1: Arena_ALU
Info (12127): Elaborating entity "Arena_ALU" for the top level hierarchy
Warning (10492): VHDL Process Statement warning at Arena_ALU.vhd(28): signal "Arena_IN_A" is read inside the Process Statement but isn't in the Process Statement's sensitivity list
Warning (10492): VHDL Process Statement warning at Arena_ALU.vhd(28): signal "Arena_IN_B" is read inside the Process Statement but isn't in the Process Statement's sensitivity list
Warning (10492): VHDL Process Statement warning at Arena_ALU.vhd(30): signal "Arena_IN_A" is read inside the Process Statement but isn't in the Process Statement's sensitivity list
Warning (10492): VHDL Process Statement warning at Arena_ALU.vhd(30): signal "Arena_IN_B" is read inside the Process Statement but isn't in the Process Statement's sensitivity list
Warning (10492): VHDL Process Statement warning at Arena_ALU.vhd(32): signal "Arena_IN_A" is read inside the Process Statement but isn't in the Process Statement's sensitivity list
Warning (10492): VHDL Process Statement warning at Arena_ALU.vhd(33): signal "Arena_IN_B" is read inside the Process Statement but isn't in the Process Statement's sensitivity list
Warning (10492): VHDL Process Statement warning at Arena_ALU.vhd(34): signal "Arena_sign_conv_A" is read inside the Process Statement but isn't in the Process Statement's sensitivity list
Warning (10492): VHDL Process Statement warning at Arena_ALU.vhd(34): signal "Arena_sign_conv_B" is read inside the Process Statement but isn't in the Process Statement's sensitivity list
Warning (10492): VHDL Process Statement warning at Arena_ALU.vhd(35): signal "Arena_arithmetic_conv" is read inside the Process Statement but isn't in the Process Statement's sensitivity list
Warning (10492): VHDL Process Statement warning at Arena_ALU.vhd(37): signal "Arena_IN_A" is read inside the Process Statement but isn't in the Process Statement's sensitivity list
Warning (10492): VHDL Process Statement warning at Arena_ALU.vhd(38): signal "Arena_IN_B" is read inside the Process Statement but isn't in the Process Statement's sensitivity list
Warning (10492): VHDL Process Statement warning at Arena_ALU.vhd(39): signal "Arena_sign_conv_A" is read inside the Process Statement but isn't in the Process Statement's sensitivity list
Warning (10492): VHDL Process Statement warning at Arena_ALU.vhd(39): signal "Arena_sign_conv_B" is read inside the Process Statement but isn't in the Process Statement's sensitivity list
Warning (10492): VHDL Process Statement warning at Arena_ALU.vhd(40): signal "Arena_arithmetic_conv" is read inside the Process Statement but isn't in the Process Statement's sensitivity list
Warning (10492): VHDL Process Statement warning at Arena_ALU.vhd(42): signal "Arena_IN_A" is read inside the Process Statement but isn't in the Process Statement's sensitivity list
Warning (10492): VHDL Process Statement warning at Arena_ALU.vhd(42): signal "Arena_IN_B" is read inside the Process Statement but isn't in the Process Statement's sensitivity list
Warning (10631): VHDL Process Statement warning at Arena_ALU.vhd(24): inferring latch(es) for signal or variable "Arena_ALU_OUT", which holds its previous value in one or more paths through the process
Warning (10631): VHDL Process Statement warning at Arena_ALU.vhd(24): inferring latch(es) for signal or variable "Arena_sign_conv_A", which holds its previous value in one or more paths through the process
Warning (10631): VHDL Process Statement warning at Arena_ALU.vhd(24): inferring latch(es) for signal or variable "Arena_sign_conv_B", which holds its previous value in one or more paths through the process
Warning (10631): VHDL Process Statement warning at Arena_ALU.vhd(24): inferring latch(es) for signal or variable "Arena_arithmetic_conv", which holds its previous value in one or more paths through the process
Warning (10631): VHDL Process Statement warning at Arena_ALU.vhd(24): inferring latch(es) for signal or variable "Arena_ALU_Zero", which holds its previous value in one or more paths through the process
Info (10041): Inferred latch for "Arena_ALU_Zero" at Arena_ALU.vhd(24)
Info (10041): Inferred latch for "Arena_arithmetic_conv[0]" at Arena_ALU.vhd(24)
Info (10041): Inferred latch for "Arena_arithmetic_conv[1]" at Arena_ALU.vhd(24)
Info (10041): Inferred latch for "Arena_arithmetic_conv[2]" at Arena_ALU.vhd(24)
Info (10041): Inferred latch for "Arena_arithmetic_conv[3]" at Arena_ALU.vhd(24)
Info (10041): Inferred latch for "Arena_arithmetic_conv[4]" at Arena_ALU.vhd(24)
Info (10041): Inferred latch for "Arena_arithmetic_conv[5]" at Arena_ALU.vhd(24)
Info (10041): Inferred latch for "Arena_arithmetic_conv[6]" at Arena_ALU.vhd(24)
Info (10041): Inferred latch for "Arena_arithmetic_conv[7]" at Arena_ALU.vhd(24)
Info (10041): Inferred latch for "Arena_arithmetic_conv[8]" at Arena_ALU.vhd(24)
Info (10041): Inferred latch for "Arena_arithmetic_conv[9]" at Arena_ALU.vhd(24)
Info (10041): Inferred latch for "Arena_arithmetic_conv[10]" at Arena_ALU.vhd(24)
Info (10041): Inferred latch for "Arena_arithmetic_conv[11]" at Arena_ALU.vhd(24)
Info (10041): Inferred latch for "Arena_arithmetic_conv[12]" at Arena_ALU.vhd(24)
Info (10041): Inferred latch for "Arena_arithmetic_conv[13]" at Arena_ALU.vhd(24)
Info (10041): Inferred latch for "Arena_arithmetic_conv[14]" at Arena_ALU.vhd(24)
Info (10041): Inferred latch for "Arena_arithmetic_conv[15]" at Arena_ALU.vhd(24)
Info (10041): Inferred latch for "Arena_arithmetic_conv[16]" at Arena_ALU.vhd(24)
Info (10041): Inferred latch for "Arena_arithmetic_conv[17]" at Arena_ALU.vhd(24)
Info (10041): Inferred latch for "Arena_arithmetic_conv[18]" at Arena_ALU.vhd(24)
Info (10041): Inferred latch for "Arena_arithmetic_conv[19]" at Arena_ALU.vhd(24)
Info (10041): Inferred latch for "Arena_arithmetic_conv[20]" at Arena_ALU.vhd(24)
Info (10041): Inferred latch for "Arena_arithmetic_conv[21]" at Arena_ALU.vhd(24)
Info (10041): Inferred latch for "Arena_arithmetic_conv[22]" at Arena_ALU.vhd(24)
Info (10041): Inferred latch for "Arena_arithmetic_conv[23]" at Arena_ALU.vhd(24)
Info (10041): Inferred latch for "Arena_arithmetic_conv[24]" at Arena_ALU.vhd(24)
Info (10041): Inferred latch for "Arena_arithmetic_conv[25]" at Arena_ALU.vhd(24)
Info (10041): Inferred latch for "Arena_arithmetic_conv[26]" at Arena_ALU.vhd(24)
Info (10041): Inferred latch for "Arena_arithmetic_conv[27]" at Arena_ALU.vhd(24)
Info (10041): Inferred latch for "Arena_arithmetic_conv[28]" at Arena_ALU.vhd(24)
Info (10041): Inferred latch for "Arena_arithmetic_conv[29]" at Arena_ALU.vhd(24)
Info (10041): Inferred latch for "Arena_arithmetic_conv[30]" at Arena_ALU.vhd(24)
Info (10041): Inferred latch for "Arena_arithmetic_conv[31]" at Arena_ALU.vhd(24)
Info (10041): Inferred latch for "Arena_sign_conv_B[0]" at Arena_ALU.vhd(24)
Info (10041): Inferred latch for "Arena_sign_conv_B[1]" at Arena_ALU.vhd(24)
Info (10041): Inferred latch for "Arena_sign_conv_B[2]" at Arena_ALU.vhd(24)
Info (10041): Inferred latch for "Arena_sign_conv_B[3]" at Arena_ALU.vhd(24)
Info (10041): Inferred latch for "Arena_sign_conv_B[4]" at Arena_ALU.vhd(24)
Info (10041): Inferred latch for "Arena_sign_conv_B[5]" at Arena_ALU.vhd(24)
Info (10041): Inferred latch for "Arena_sign_conv_B[6]" at Arena_ALU.vhd(24)
Info (10041): Inferred latch for "Arena_sign_conv_B[7]" at Arena_ALU.vhd(24)
Info (10041): Inferred latch for "Arena_sign_conv_B[8]" at Arena_ALU.vhd(24)
Info (10041): Inferred latch for "Arena_sign_conv_B[9]" at Arena_ALU.vhd(24)
Info (10041): Inferred latch for "Arena_sign_conv_B[10]" at Arena_ALU.vhd(24)
Info (10041): Inferred latch for "Arena_sign_conv_B[11]" at Arena_ALU.vhd(24)
Info (10041): Inferred latch for "Arena_sign_conv_B[12]" at Arena_ALU.vhd(24)
Info (10041): Inferred latch for "Arena_sign_conv_B[13]" at Arena_ALU.vhd(24)
Info (10041): Inferred latch for "Arena_sign_conv_B[14]" at Arena_ALU.vhd(24)
Info (10041): Inferred latch for "Arena_sign_conv_B[15]" at Arena_ALU.vhd(24)
Info (10041): Inferred latch for "Arena_sign_conv_B[16]" at Arena_ALU.vhd(24)
Info (10041): Inferred latch for "Arena_sign_conv_B[17]" at Arena_ALU.vhd(24)
Info (10041): Inferred latch for "Arena_sign_conv_B[18]" at Arena_ALU.vhd(24)
Info (10041): Inferred latch for "Arena_sign_conv_B[19]" at Arena_ALU.vhd(24)
Info (10041): Inferred latch for "Arena_sign_conv_B[20]" at Arena_ALU.vhd(24)
Info (10041): Inferred latch for "Arena_sign_conv_B[21]" at Arena_ALU.vhd(24)
Info (10041): Inferred latch for "Arena_sign_conv_B[22]" at Arena_ALU.vhd(24)
Info (10041): Inferred latch for "Arena_sign_conv_B[23]" at Arena_ALU.vhd(24)
Info (10041): Inferred latch for "Arena_sign_conv_B[24]" at Arena_ALU.vhd(24)
Info (10041): Inferred latch for "Arena_sign_conv_B[25]" at Arena_ALU.vhd(24)
Info (10041): Inferred latch for "Arena_sign_conv_B[26]" at Arena_ALU.vhd(24)
Info (10041): Inferred latch for "Arena_sign_conv_B[27]" at Arena_ALU.vhd(24)
Info (10041): Inferred latch for "Arena_sign_conv_B[28]" at Arena_ALU.vhd(24)
Info (10041): Inferred latch for "Arena_sign_conv_B[29]" at Arena_ALU.vhd(24)
Info (10041): Inferred latch for "Arena_sign_conv_B[30]" at Arena_ALU.vhd(24)
Info (10041): Inferred latch for "Arena_sign_conv_B[31]" at Arena_ALU.vhd(24)
Info (10041): Inferred latch for "Arena_sign_conv_A[0]" at Arena_ALU.vhd(24)
Info (10041): Inferred latch for "Arena_sign_conv_A[1]" at Arena_ALU.vhd(24)
Info (10041): Inferred latch for "Arena_sign_conv_A[2]" at Arena_ALU.vhd(24)
Info (10041): Inferred latch for "Arena_sign_conv_A[3]" at Arena_ALU.vhd(24)
Info (10041): Inferred latch for "Arena_sign_conv_A[4]" at Arena_ALU.vhd(24)
Info (10041): Inferred latch for "Arena_sign_conv_A[5]" at Arena_ALU.vhd(24)
Info (10041): Inferred latch for "Arena_sign_conv_A[6]" at Arena_ALU.vhd(24)
Info (10041): Inferred latch for "Arena_sign_conv_A[7]" at Arena_ALU.vhd(24)
Info (10041): Inferred latch for "Arena_sign_conv_A[8]" at Arena_ALU.vhd(24)
Info (10041): Inferred latch for "Arena_sign_conv_A[9]" at Arena_ALU.vhd(24)
Info (10041): Inferred latch for "Arena_sign_conv_A[10]" at Arena_ALU.vhd(24)
Info (10041): Inferred latch for "Arena_sign_conv_A[11]" at Arena_ALU.vhd(24)
Info (10041): Inferred latch for "Arena_sign_conv_A[12]" at Arena_ALU.vhd(24)
Info (10041): Inferred latch for "Arena_sign_conv_A[13]" at Arena_ALU.vhd(24)
Info (10041): Inferred latch for "Arena_sign_conv_A[14]" at Arena_ALU.vhd(24)
Info (10041): Inferred latch for "Arena_sign_conv_A[15]" at Arena_ALU.vhd(24)
Info (10041): Inferred latch for "Arena_sign_conv_A[16]" at Arena_ALU.vhd(24)
Info (10041): Inferred latch for "Arena_sign_conv_A[17]" at Arena_ALU.vhd(24)
Info (10041): Inferred latch for "Arena_sign_conv_A[18]" at Arena_ALU.vhd(24)
Info (10041): Inferred latch for "Arena_sign_conv_A[19]" at Arena_ALU.vhd(24)
Info (10041): Inferred latch for "Arena_sign_conv_A[20]" at Arena_ALU.vhd(24)
Info (10041): Inferred latch for "Arena_sign_conv_A[21]" at Arena_ALU.vhd(24)
Info (10041): Inferred latch for "Arena_sign_conv_A[22]" at Arena_ALU.vhd(24)
Info (10041): Inferred latch for "Arena_sign_conv_A[23]" at Arena_ALU.vhd(24)
Info (10041): Inferred latch for "Arena_sign_conv_A[24]" at Arena_ALU.vhd(24)
Info (10041): Inferred latch for "Arena_sign_conv_A[25]" at Arena_ALU.vhd(24)
Info (10041): Inferred latch for "Arena_sign_conv_A[26]" at Arena_ALU.vhd(24)
Info (10041): Inferred latch for "Arena_sign_conv_A[27]" at Arena_ALU.vhd(24)
Info (10041): Inferred latch for "Arena_sign_conv_A[28]" at Arena_ALU.vhd(24)
Info (10041): Inferred latch for "Arena_sign_conv_A[29]" at Arena_ALU.vhd(24)
Info (10041): Inferred latch for "Arena_sign_conv_A[30]" at Arena_ALU.vhd(24)
Info (10041): Inferred latch for "Arena_sign_conv_A[31]" at Arena_ALU.vhd(24)
Info (10041): Inferred latch for "Arena_ALU_OUT[0]" at Arena_ALU.vhd(24)
Info (10041): Inferred latch for "Arena_ALU_OUT[1]" at Arena_ALU.vhd(24)
Info (10041): Inferred latch for "Arena_ALU_OUT[2]" at Arena_ALU.vhd(24)
Info (10041): Inferred latch for "Arena_ALU_OUT[3]" at Arena_ALU.vhd(24)
Info (10041): Inferred latch for "Arena_ALU_OUT[4]" at Arena_ALU.vhd(24)
Info (10041): Inferred latch for "Arena_ALU_OUT[5]" at Arena_ALU.vhd(24)
Info (10041): Inferred latch for "Arena_ALU_OUT[6]" at Arena_ALU.vhd(24)
Info (10041): Inferred latch for "Arena_ALU_OUT[7]" at Arena_ALU.vhd(24)
Info (10041): Inferred latch for "Arena_ALU_OUT[8]" at Arena_ALU.vhd(24)
Info (10041): Inferred latch for "Arena_ALU_OUT[9]" at Arena_ALU.vhd(24)
Info (10041): Inferred latch for "Arena_ALU_OUT[10]" at Arena_ALU.vhd(24)
Info (10041): Inferred latch for "Arena_ALU_OUT[11]" at Arena_ALU.vhd(24)
Info (10041): Inferred latch for "Arena_ALU_OUT[12]" at Arena_ALU.vhd(24)
Info (10041): Inferred latch for "Arena_ALU_OUT[13]" at Arena_ALU.vhd(24)
Info (10041): Inferred latch for "Arena_ALU_OUT[14]" at Arena_ALU.vhd(24)
Info (10041): Inferred latch for "Arena_ALU_OUT[15]" at Arena_ALU.vhd(24)
Info (10041): Inferred latch for "Arena_ALU_OUT[16]" at Arena_ALU.vhd(24)
Info (10041): Inferred latch for "Arena_ALU_OUT[17]" at Arena_ALU.vhd(24)
Info (10041): Inferred latch for "Arena_ALU_OUT[18]" at Arena_ALU.vhd(24)
Info (10041): Inferred latch for "Arena_ALU_OUT[19]" at Arena_ALU.vhd(24)
Info (10041): Inferred latch for "Arena_ALU_OUT[20]" at Arena_ALU.vhd(24)
Info (10041): Inferred latch for "Arena_ALU_OUT[21]" at Arena_ALU.vhd(24)
Info (10041): Inferred latch for "Arena_ALU_OUT[22]" at Arena_ALU.vhd(24)
Info (10041): Inferred latch for "Arena_ALU_OUT[23]" at Arena_ALU.vhd(24)
Info (10041): Inferred latch for "Arena_ALU_OUT[24]" at Arena_ALU.vhd(24)
Info (10041): Inferred latch for "Arena_ALU_OUT[25]" at Arena_ALU.vhd(24)
Info (10041): Inferred latch for "Arena_ALU_OUT[26]" at Arena_ALU.vhd(24)
Info (10041): Inferred latch for "Arena_ALU_OUT[27]" at Arena_ALU.vhd(24)
Info (10041): Inferred latch for "Arena_ALU_OUT[28]" at Arena_ALU.vhd(24)
Info (10041): Inferred latch for "Arena_ALU_OUT[29]" at Arena_ALU.vhd(24)
Info (10041): Inferred latch for "Arena_ALU_OUT[30]" at Arena_ALU.vhd(24)
Info (10041): Inferred latch for "Arena_ALU_OUT[31]" at Arena_ALU.vhd(24)
Warning (13012): Latch Arena_ALU_OUT[0]$latch has unsafe behavior
    Warning (13013): Ports D and ENA on the latch are fed by the same signal Arena_ALU_IN_Operation[1]
Warning (13012): Latch Arena_ALU_OUT[1]$latch has unsafe behavior
    Warning (13013): Ports D and ENA on the latch are fed by the same signal Arena_ALU_IN_Operation[1]
Warning (13012): Latch Arena_ALU_OUT[2]$latch has unsafe behavior
    Warning (13013): Ports D and ENA on the latch are fed by the same signal Arena_ALU_IN_Operation[1]
Warning (13012): Latch Arena_ALU_OUT[3]$latch has unsafe behavior
    Warning (13013): Ports D and ENA on the latch are fed by the same signal Arena_ALU_IN_Operation[1]
Warning (13012): Latch Arena_ALU_OUT[4]$latch has unsafe behavior
    Warning (13013): Ports D and ENA on the latch are fed by the same signal Arena_ALU_IN_Operation[1]
Warning (13012): Latch Arena_ALU_OUT[5]$latch has unsafe behavior
    Warning (13013): Ports D and ENA on the latch are fed by the same signal Arena_ALU_IN_Operation[1]
Warning (13012): Latch Arena_ALU_OUT[6]$latch has unsafe behavior
    Warning (13013): Ports D and ENA on the latch are fed by the same signal Arena_ALU_IN_Operation[1]
Warning (13012): Latch Arena_ALU_OUT[7]$latch has unsafe behavior
    Warning (13013): Ports D and ENA on the latch are fed by the same signal Arena_ALU_IN_Operation[1]
Warning (13012): Latch Arena_ALU_OUT[8]$latch has unsafe behavior
    Warning (13013): Ports D and ENA on the latch are fed by the same signal Arena_ALU_IN_Operation[1]
Warning (13012): Latch Arena_ALU_OUT[9]$latch has unsafe behavior
    Warning (13013): Ports D and ENA on the latch are fed by the same signal Arena_ALU_IN_Operation[1]
Warning (13012): Latch Arena_ALU_OUT[10]$latch has unsafe behavior
    Warning (13013): Ports D and ENA on the latch are fed by the same signal Arena_ALU_IN_Operation[1]
Warning (13012): Latch Arena_ALU_OUT[11]$latch has unsafe behavior
    Warning (13013): Ports D and ENA on the latch are fed by the same signal Arena_ALU_IN_Operation[1]
Warning (13012): Latch Arena_ALU_OUT[12]$latch has unsafe behavior
    Warning (13013): Ports D and ENA on the latch are fed by the same signal Arena_ALU_IN_Operation[1]
Warning (13012): Latch Arena_ALU_OUT[13]$latch has unsafe behavior
    Warning (13013): Ports D and ENA on the latch are fed by the same signal Arena_ALU_IN_Operation[1]
Warning (13012): Latch Arena_ALU_OUT[14]$latch has unsafe behavior
    Warning (13013): Ports D and ENA on the latch are fed by the same signal Arena_ALU_IN_Operation[1]
Warning (13012): Latch Arena_ALU_OUT[15]$latch has unsafe behavior
    Warning (13013): Ports D and ENA on the latch are fed by the same signal Arena_ALU_IN_Operation[1]
Warning (13012): Latch Arena_ALU_OUT[16]$latch has unsafe behavior
    Warning (13013): Ports D and ENA on the latch are fed by the same signal Arena_ALU_IN_Operation[1]
Warning (13012): Latch Arena_ALU_OUT[17]$latch has unsafe behavior
    Warning (13013): Ports D and ENA on the latch are fed by the same signal Arena_ALU_IN_Operation[1]
Warning (13012): Latch Arena_ALU_OUT[18]$latch has unsafe behavior
    Warning (13013): Ports D and ENA on the latch are fed by the same signal Arena_ALU_IN_Operation[1]
Warning (13012): Latch Arena_ALU_OUT[19]$latch has unsafe behavior
    Warning (13013): Ports D and ENA on the latch are fed by the same signal Arena_ALU_IN_Operation[1]
Warning (13012): Latch Arena_ALU_OUT[20]$latch has unsafe behavior
    Warning (13013): Ports D and ENA on the latch are fed by the same signal Arena_ALU_IN_Operation[1]
Warning (13012): Latch Arena_ALU_OUT[21]$latch has unsafe behavior
    Warning (13013): Ports D and ENA on the latch are fed by the same signal Arena_ALU_IN_Operation[1]
Warning (13012): Latch Arena_ALU_OUT[22]$latch has unsafe behavior
    Warning (13013): Ports D and ENA on the latch are fed by the same signal Arena_ALU_IN_Operation[1]
Warning (13012): Latch Arena_ALU_OUT[23]$latch has unsafe behavior
    Warning (13013): Ports D and ENA on the latch are fed by the same signal Arena_ALU_IN_Operation[1]
Warning (13012): Latch Arena_ALU_OUT[24]$latch has unsafe behavior
    Warning (13013): Ports D and ENA on the latch are fed by the same signal Arena_ALU_IN_Operation[1]
Warning (13012): Latch Arena_ALU_OUT[25]$latch has unsafe behavior
    Warning (13013): Ports D and ENA on the latch are fed by the same signal Arena_ALU_IN_Operation[1]
Warning (13012): Latch Arena_ALU_OUT[26]$latch has unsafe behavior
    Warning (13013): Ports D and ENA on the latch are fed by the same signal Arena_ALU_IN_Operation[1]
Warning (13012): Latch Arena_ALU_OUT[27]$latch has unsafe behavior
    Warning (13013): Ports D and ENA on the latch are fed by the same signal Arena_ALU_IN_Operation[1]
Warning (13012): Latch Arena_ALU_OUT[28]$latch has unsafe behavior
    Warning (13013): Ports D and ENA on the latch are fed by the same signal Arena_ALU_IN_Operation[1]
Warning (13012): Latch Arena_ALU_OUT[29]$latch has unsafe behavior
    Warning (13013): Ports D and ENA on the latch are fed by the same signal Arena_ALU_IN_Operation[1]
Warning (13012): Latch Arena_ALU_OUT[30]$latch has unsafe behavior
    Warning (13013): Ports D and ENA on the latch are fed by the same signal Arena_ALU_IN_Operation[1]
Warning (13012): Latch Arena_ALU_OUT[31]$latch has unsafe behavior
    Warning (13013): Ports D and ENA on the latch are fed by the same signal Arena_ALU_IN_Operation[1]
Info (16010): Generating hard_block partition "hard_block:auto_generated_inst"
    Info (16011): Adding 0 node(s), including 0 DDIO, 0 PLL, 0 transceiver and 0 LCELL
Info (21057): Implemented 394 device resources after synthesis - the final resource count might be different
    Info (21058): Implemented 68 input pins
    Info (21059): Implemented 33 output pins
    Info (21061): Implemented 293 logic cells
Info: Quartus II 64-Bit Analysis & Synthesis was successful. 0 errors, 86 warnings
    Info: Peak virtual memory: 491 megabytes
    Info: Processing ended: Sat May 11 21:21:14 2019
    Info: Elapsed time: 00:00:04
    Info: Total CPU time (on all processors): 00:00:03


