Flow report for Single_Cycle_CPU
Tue May 14 16:39:48 2019
Quartus II 64-Bit Version 13.0.1 Build 232 06/12/2013 Service Pack 1 SJ Web Edition


---------------------
; Table of Contents ;
---------------------
  1. Legal Notice
  2. Flow Summary
  3. Flow Settings
  4. Flow Non-Default Global Settings
  5. Flow Elapsed Time
  6. Flow OS Summary
  7. Flow Log
  8. Flow Messages
  9. Flow Suppressed Messages



----------------
; Legal Notice ;
----------------
Copyright (C) 1991-2013 Altera Corporation
Your use of Altera Corporation's design tools, logic functions 
and other software and tools, and its AMPP partner logic 
functions, and any output files from any of the foregoing 
(including device programming or simulation files), and any 
associated documentation or information are expressly subject 
to the terms and conditions of the Altera Program License 
Subscription Agreement, Altera MegaCore Function License 
Agreement, or other applicable license agreement, including, 
without limitation, that your use is for the sole purpose of 
programming logic devices manufactured by Altera and sold by 
Altera or its authorized distributors.  Please refer to the 
applicable agreement for further details.



+--------------------------------------------------------------------------------------+
; Flow Summary                                                                         ;
+------------------------------------+-------------------------------------------------+
; Flow Status                        ; Successful - Tue May 14 16:39:48 2019           ;
; Quartus II 64-Bit Version          ; 13.0.1 Build 232 06/12/2013 SP 1 SJ Web Edition ;
; Revision Name                      ; Single_Cycle_CPU                                ;
; Top-level Entity Name              ; Single_Cycle_CPU                                ;
; Family                             ; Cyclone II                                      ;
; Device                             ; EP2C35F672C6                                    ;
; Timing Models                      ; Final                                           ;
; Total logic elements               ; 14,349 / 33,216 ( 43 % )                        ;
;     Total combinational functions  ; 14,349 / 33,216 ( 43 % )                        ;
;     Dedicated logic registers      ; 0 / 33,216 ( 0 % )                              ;
; Total registers                    ; 0                                               ;
; Total pins                         ; 89 / 475 ( 19 % )                               ;
; Total virtual pins                 ; 0                                               ;
; Total memory bits                  ; 2,048 / 483,840 ( < 1 % )                       ;
; Embedded Multiplier 9-bit elements ; 0 / 70 ( 0 % )                                  ;
; Total PLLs                         ; 0 / 4 ( 0 % )                                   ;
+------------------------------------+-------------------------------------------------+


+-----------------------------------------+
; Flow Settings                           ;
+-------------------+---------------------+
; Option            ; Setting             ;
+-------------------+---------------------+
; Start date & time ; 05/14/2019 16:33:13 ;
; Main task         ; Compilation         ;
; Revision Name     ; Single_Cycle_CPU    ;
+-------------------+---------------------+


+----------------------------------------------------------------------------------------------------------------------------+
; Flow Non-Default Global Settings                                                                                           ;
+-------------------------------------+---------------------------------------+---------------+-------------+----------------+
; Assignment Name                     ; Value                                 ; Default Value ; Entity Name ; Section Id     ;
+-------------------------------------+---------------------------------------+---------------+-------------+----------------+
; COMPILER_SIGNATURE_ID               ; 264840330406669.155786599315300       ; --            ; --          ; --             ;
; EDA_GENERATE_FUNCTIONAL_NETLIST     ; On                                    ; --            ; --          ; eda_simulation ;
; EDA_OUTPUT_DATA_FORMAT              ; Verilog Hdl                           ; --            ; --          ; eda_simulation ;
; EDA_SIMULATION_TOOL                 ; ModelSim-Altera (Verilog)             ; <None>        ; --          ; --             ;
; FITTER_EFFORT                       ; Fast Fit                              ; Auto Fit      ; --          ; --             ;
; IP_TOOL_NAME                        ; LPM_CONSTANT                          ; --            ; --          ; --             ;
; IP_TOOL_NAME                        ; LPM_ADD_SUB                           ; --            ; --          ; --             ;
; IP_TOOL_NAME                        ; LPM_CONSTANT                          ; --            ; --          ; --             ;
; IP_TOOL_NAME                        ; RAM: 2-PORT                           ; --            ; --          ; --             ;
; IP_TOOL_NAME                        ; LPM_ADD_SUB                           ; --            ; --          ; --             ;
; IP_TOOL_VERSION                     ; 13.0                                  ; --            ; --          ; --             ;
; IP_TOOL_VERSION                     ; 13.0                                  ; --            ; --          ; --             ;
; IP_TOOL_VERSION                     ; 13.0                                  ; --            ; --          ; --             ;
; IP_TOOL_VERSION                     ; 13.0                                  ; --            ; --          ; --             ;
; IP_TOOL_VERSION                     ; 13.0                                  ; --            ; --          ; --             ;
; MAX_CORE_JUNCTION_TEMP              ; 85                                    ; --            ; --          ; --             ;
; MIN_CORE_JUNCTION_TEMP              ; 0                                     ; --            ; --          ; --             ;
; MISC_FILE                           ; lpm_constant0.bsf                     ; --            ; --          ; --             ;
; MISC_FILE                           ; lpm_constant0.cmp                     ; --            ; --          ; --             ;
; MISC_FILE                           ; lpm_add_sub0.bsf                      ; --            ; --          ; --             ;
; MISC_FILE                           ; lpm_add_sub0.cmp                      ; --            ; --          ; --             ;
; MISC_FILE                           ; lpm_constant1.bsf                     ; --            ; --          ; --             ;
; MISC_FILE                           ; lpm_constant1.cmp                     ; --            ; --          ; --             ;
; MISC_FILE                           ; lpm_3ramport.bsf                      ; --            ; --          ; --             ;
; MISC_FILE                           ; lpm_3ramport.cmp                      ; --            ; --          ; --             ;
; MISC_FILE                           ; lpm_add_sub1.bsf                      ; --            ; --          ; --             ;
; MISC_FILE                           ; lpm_add_sub1.cmp                      ; --            ; --          ; --             ;
; PARTITION_COLOR                     ; 16764057                              ; --            ; --          ; Top            ;
; PARTITION_FITTER_PRESERVATION_LEVEL ; PLACEMENT_AND_ROUTING                 ; --            ; --          ; Top            ;
; PARTITION_NETLIST_TYPE              ; SOURCE                                ; --            ; --          ; Top            ;
; POWER_BOARD_THERMAL_MODEL           ; None (CONSERVATIVE)                   ; --            ; --          ; --             ;
; POWER_PRESET_COOLING_SOLUTION       ; 23 MM HEAT SINK WITH 200 LFPM AIRFLOW ; --            ; --          ; --             ;
; PROJECT_OUTPUT_DIRECTORY            ; output_files                          ; --            ; --          ; --             ;
+-------------------------------------+---------------------------------------+---------------+-------------+----------------+


+-------------------------------------------------------------------------------------------------------------------------------+
; Flow Elapsed Time                                                                                                             ;
+---------------------------+--------------+-------------------------+---------------------+------------------------------------+
; Module Name               ; Elapsed Time ; Average Processors Used ; Peak Virtual Memory ; Total CPU Time (on all processors) ;
+---------------------------+--------------+-------------------------+---------------------+------------------------------------+
; Analysis & Synthesis      ; 00:00:31     ; 1.0                     ; 4695 MB             ; 00:00:31                           ;
; Fitter                    ; 00:02:16     ; 1.1                     ; 5159 MB             ; 00:02:31                           ;
; Assembler                 ; 00:00:04     ; 1.0                     ; 4635 MB             ; 00:00:04                           ;
; TimeQuest Timing Analyzer ; 00:00:08     ; 1.0                     ; 4760 MB             ; 00:00:09                           ;
; EDA Netlist Writer        ; 00:00:06     ; 1.0                     ; 4638 MB             ; 00:00:06                           ;
; EDA Netlist Writer        ; 00:00:02     ; 1.0                     ; 4618 MB             ; 00:00:02                           ;
; EDA Netlist Writer        ; 00:00:07     ; 1.0                     ; 4641 MB             ; 00:00:08                           ;
; Total                     ; 00:03:14     ; --                      ; --                  ; 00:03:31                           ;
+---------------------------+--------------+-------------------------+---------------------+------------------------------------+


+----------------------------------------------------------------------------------------+
; Flow OS Summary                                                                        ;
+---------------------------+------------------+-----------+------------+----------------+
; Module Name               ; Machine Hostname ; OS Name   ; OS Version ; Processor type ;
+---------------------------+------------------+-----------+------------+----------------+
; Analysis & Synthesis      ; DESKTOP-30O6SP6  ; Windows 7 ; 6.2        ; x86_64         ;
; Fitter                    ; DESKTOP-30O6SP6  ; Windows 7 ; 6.2        ; x86_64         ;
; Assembler                 ; DESKTOP-30O6SP6  ; Windows 7 ; 6.2        ; x86_64         ;
; TimeQuest Timing Analyzer ; DESKTOP-30O6SP6  ; Windows 7 ; 6.2        ; x86_64         ;
; EDA Netlist Writer        ; DESKTOP-30O6SP6  ; Windows 7 ; 6.2        ; x86_64         ;
; EDA Netlist Writer        ; DESKTOP-30O6SP6  ; Windows 7 ; 6.2        ; x86_64         ;
; EDA Netlist Writer        ; DESKTOP-30O6SP6  ; Windows 7 ; 6.2        ; x86_64         ;
+---------------------------+------------------+-----------+------------+----------------+


------------
; Flow Log ;
------------
quartus_map --read_settings_files=on --write_settings_files=off Single_Cycle_CPU -c Single_Cycle_CPU
quartus_fit --read_settings_files=off --write_settings_files=off Single_Cycle_CPU -c Single_Cycle_CPU
quartus_asm --read_settings_files=off --write_settings_files=off Single_Cycle_CPU -c Single_Cycle_CPU
quartus_sta Single_Cycle_CPU -c Single_Cycle_CPU
quartus_eda --read_settings_files=off --write_settings_files=off Single_Cycle_CPU -c Single_Cycle_CPU
quartus_eda --gen_testbench --check_outputs=on --tool=modelsim_oem --format=verilog Single_Cycle_CPU -c Single_Cycle_CPU --vector_source="C:/Users/John2/Documents/Spring 2019/CSC 342 - Organization/Labs/Arena_John/Lab 5/Quartus Files/Single_Cycle_CPU.vwf" --testbench_file=./simulation/qsim/Single_Cycle_CPU.vt
quartus_eda --functional=on --simulation=on --tool=modelsim_oem --format=verilog Single_Cycle_CPU -c Single_Cycle_CPU



